<?xml version="1.0" encoding="UTF-8"?>
<!-- Generated by org.testng.reporters.JUnitXMLReporter -->
<testsuite hostname="DESKTOP-5Q39FUQ" name="Default test(failed)" tests="7" failures="7" timestamp="1 Feb 2019 12:00:04 GMT" time="2.497" errors="0">
  <testcase name="flowMapperTest" time="0.216" classname="tests.FlowMapper">
    <failure type="java.lang.NullPointerException">
      <![CDATA[java.lang.NullPointerException
	at tests.FlowMapper.flowMapperTest(FlowMapper.java:109)
... Removed 24 stack frames]]>
    </failure>
  </testcase> <!-- flowMapperTest -->
  <testcase name="flowMapperTest" time="0.184" classname="tests.FlowMapper">
    <failure type="java.lang.NullPointerException">
      <![CDATA[java.lang.NullPointerException
	at tests.FlowMapper.flowMapperTest(FlowMapper.java:109)
... Removed 24 stack frames]]>
    </failure>
  </testcase> <!-- flowMapperTest -->
  <testcase name="flowMapperTest" time="0.135" classname="tests.FlowMapper">
    <failure type="java.lang.NullPointerException">
      <![CDATA[java.lang.NullPointerException
	at tests.FlowMapper.flowMapperTest(FlowMapper.java:109)
... Removed 24 stack frames]]>
    </failure>
  </testcase> <!-- flowMapperTest -->
  <testcase name="flowMapperTest" time="0.16" classname="tests.FlowMapper">
    <failure type="java.lang.NullPointerException">
      <![CDATA[java.lang.NullPointerException
	at tests.FlowMapper.flowMapperTest(FlowMapper.java:109)
... Removed 24 stack frames]]>
    </failure>
  </testcase> <!-- flowMapperTest -->
  <testcase name="flowMapperTest" time="0.125" classname="tests.FlowMapper">
    <failure type="java.lang.NullPointerException">
      <![CDATA[java.lang.NullPointerException
	at tests.FlowMapper.flowMapperTest(FlowMapper.java:109)
... Removed 24 stack frames]]>
    </failure>
  </testcase> <!-- flowMapperTest -->
  <testcase name="flowMapperTest" time="0.167" classname="tests.FlowMapper">
    <failure type="java.lang.NullPointerException">
      <![CDATA[java.lang.NullPointerException
	at tests.FlowMapper.flowMapperTest(FlowMapper.java:109)
... Removed 24 stack frames]]>
    </failure>
  </testcase> <!-- flowMapperTest -->
  <testcase name="flowMapperTest" time="0.119" classname="tests.FlowMapper">
    <failure type="java.lang.NullPointerException">
      <![CDATA[java.lang.NullPointerException
	at tests.FlowMapper.flowMapperTest(FlowMapper.java:109)
... Removed 24 stack frames]]>
    </failure>
  </testcase> <!-- flowMapperTest -->
</testsuite> <!-- Default test(failed) -->
