<?xml version="1.0" encoding="UTF-8"?>
<testng-results skipped="0" failed="0" total="2" passed="2">
  <reporter-output>
  </reporter-output>
  <suite name="Default suite" duration-ms="127142" started-at="2020-01-20T11:53:57Z" finished-at="2020-01-20T11:56:04Z">
    <groups>
    </groups>
    <test name="Default test" duration-ms="127142" started-at="2020-01-20T11:53:57Z" finished-at="2020-01-20T11:56:04Z">
      <class name="tests.FlowMapper">
        <test-method status="PASS" signature="generateIniFile()[pri:0, instance:tests.FlowMapper@56620197]" name="generateIniFile" is-config="true" duration-ms="26" started-at="2020-01-20T17:23:57Z" finished-at="2020-01-20T17:23:57Z">
          <reporter-output>
          </reporter-output>
        </test-method> <!-- generateIniFile -->
        <test-method status="PASS" signature="flowMapperTest(java.util.HashMap)[pri:0, instance:tests.FlowMapper@56620197]" name="flowMapperTest" duration-ms="20920" started-at="2020-01-20T17:23:58Z" data-provider="getData" finished-at="2020-01-20T17:24:19Z">
          <params>
            <param index="0">
              <value>
                <![CDATA[{CONTRACT=-, STEP10=, PRIORITY=P, STEP02=, STEP13=, TCID=FlowMapper_000, STEP03=, STEP11=, STEP01=EnvTest_QA1, STEP12=, STEP06=, STEP07=, STEP04=, STEP05=, RUNMODE=Yes, WALLET=-, DESCRIPTION=Set environment to run test cases on, TESTTYPE=no-check, STEP08=, STEP09=, FEATURE=}]]>
              </value>
            </param>
          </params>
          <reporter-output>
          </reporter-output>
        </test-method> <!-- flowMapperTest -->
        <test-method status="PASS" signature="result(org.testng.ITestResult)[pri:0, instance:tests.FlowMapper@56620197]" name="result" is-config="true" duration-ms="161" started-at="2020-01-20T17:24:19Z" finished-at="2020-01-20T17:24:19Z">
          <params>
            <param index="0">
              <value>
                <![CDATA[[TestResult name=flowMapperTest status=SUCCESS method=FlowMapper.flowMapperTest(java.util.HashMap)[pri:0, instance:tests.FlowMapper@56620197] output={null}]]]>
              </value>
            </param>
          </params>
          <reporter-output>
          </reporter-output>
        </test-method> <!-- result -->
        <test-method status="PASS" signature="flowMapperTest(java.util.HashMap)[pri:0, instance:tests.FlowMapper@56620197]" name="flowMapperTest" duration-ms="104993" started-at="2020-01-20T17:24:19Z" data-provider="getData" finished-at="2020-01-20T17:26:04Z">
          <params>
            <param index="0">
              <value>
                <![CDATA[{CONTRACT=RBL, STEP10=, PRIORITY=P2, STEP02=RBLMoneyTransferTest_002, STEP13=, TCID=FlowMapper_018, STEP03=HomeTest_004, STEP11=, STEP01=HomeTest_004, STEP12=, STEP06=, STEP07=, STEP04=RBLMoneyTransferTest_005, STEP05=, RUNMODE=Yes, WALLET=Main, DESCRIPTION=Existing Remitter -> New Beneficiary -> Bene Addition during Money Transfer, TESTTYPE=Positive, STEP08=, STEP09=, FEATURE=Money Transfer}]]>
              </value>
            </param>
          </params>
          <reporter-output>
          </reporter-output>
        </test-method> <!-- flowMapperTest -->
        <test-method status="PASS" signature="result(org.testng.ITestResult)[pri:0, instance:tests.FlowMapper@56620197]" name="result" is-config="true" duration-ms="28" started-at="2020-01-20T17:26:04Z" finished-at="2020-01-20T17:26:04Z">
          <params>
            <param index="0">
              <value>
                <![CDATA[[TestResult name=flowMapperTest status=SUCCESS method=FlowMapper.flowMapperTest(java.util.HashMap)[pri:0, instance:tests.FlowMapper@56620197] output={null}]]]>
              </value>
            </param>
          </params>
          <reporter-output>
          </reporter-output>
        </test-method> <!-- result -->
      </class> <!-- tests.FlowMapper -->
    </test> <!-- Default test -->
  </suite> <!-- Default suite -->
</testng-results>
